<?xml version="1.0" encoding="UTF-8"?>
<testsuite name="SimpleBankSystemTest" tests="1" skipped="0" failures="0" errors="0" timestamp="2020-10-06T10:55:37" hostname="DESKTOP-JKKFQRK" time="2.136">
  <properties/>
  <testcase name="start" classname="SimpleBankSystemTest" time="2.136"/>
  <system-out><![CDATA[?[1;31m
Start test 1?[0m
1. Create an account
2. Log into account
0. Exit
> 0
Bye!
?[1;31m
Start test 2?[0m
1. Create an account
2. Log into account
0. Exit
> 0
Bye!
?[1;31m
Start test 3?[0m
1. Create an account
2. Log into account
0. Exit
> 0
Bye!
?[1;31m
Start test 4?[0m
1. Create an account
2. Log into account
0. Exit
> 0
Bye!
?[1;31m
Start test 5?[0m
1. Create an account
2. Log into account
0. Exit
> 1
Your card has been created
Your card number:
4000005822619871
Your card PIN:
2507
1. Create an account
2. Log into account
0. Exit
> 1
Your card has been created
Your card number:
4000001273322651
Your card PIN:
7784
1. Create an account
2. Log into account
0. Exit
> 1
Your card has been created
Your card number:
4000007861319702
Your card PIN:
5381
1. Create an account
2. Log into account
0. Exit
> 1
Your card has been created
Your card number:
4000007228433279
Your card PIN:
1780
1. Create an account
2. Log into account
0. Exit
> 0
Bye!
?[1;31m
Start test 6?[0m
1. Create an account
2. Log into account
0. Exit
> 1
Your card has been created
Your card number:
4000003060423213
Your card PIN:
8194
1. Create an account
2. Log into account
0. Exit
> 2
Enter your card number:
> 4000003060423213
Enter your PIN
> 8194
You have successfully logged in!
1. Balance
2. Add income
3. Do transfer
4. Close account
5. Log out
0. Exit
> 0
Bye!
?[1;31m
Start test 7?[0m
1. Create an account
2. Log into account
0. Exit
> 1
Your card has been created
Your card number:
4000006115174293
Your card PIN:
3418
1. Create an account
2. Log into account
0. Exit
> 2
Enter your card number:
> 4000006115174293
Enter your PIN
> 2191
Wrong card number or PIN!
1. Create an account
2. Log into account
0. Exit
> 0
Bye!
?[1;31m
Start test 8?[0m
1. Create an account
2. Log into account
0. Exit
> 1
Your card has been created
Your card number:
4000001513255349
Your card PIN:
1504
1. Create an account
2. Log into account
0. Exit
> 2
Enter your card number:
> 400000457548804
Enter your PIN
> 1504
Wrong card number or PIN!
1. Create an account
2. Log into account
0. Exit
> 0
Bye!
?[1;31m
Start test 9?[0m
1. Create an account
2. Log into account
0. Exit
> 1
Your card has been created
Your card number:
4000008363854972
Your card PIN:
7509
1. Create an account
2. Log into account
0. Exit
> 2
Enter your card number:
> 4000008363854972
Enter your PIN
> 7509
You have successfully logged in!
1. Balance
2. Add income
3. Do transfer
4. Close account
5. Log out
0. Exit
> 1
Balance: 0
1. Balance
2. Add income
3. Do transfer
4. Close account
5. Log out
0. Exit
> 0
Bye!
?[1;31m
Start test 10?[0m
1. Create an account
2. Log into account
0. Exit
> 1
Your card has been created
Your card number:
4000004013200856
Your card PIN:
3176
1. Create an account
2. Log into account
0. Exit
> 2
Enter your card number:
> 4000004013200856
Enter your PIN
> 3176
You have successfully logged in!
1. Balance
2. Add income
3. Do transfer
4. Close account
5. Log out
0. Exit
> 2
Enter income: 
> 10000
Income was added
1. Balance
2. Add income
3. Do transfer
4. Close account
5. Log out
0. Exit
> 2
Enter income: 
> 15000
Income was added
1. Balance
2. Add income
3. Do transfer
4. Close account
5. Log out
0. Exit
Account balance is wrong after adding income.
Expected 25000
> 0
Bye!
?[1;31m
Start test 11?[0m
1. Create an account
2. Log into account
0. Exit
> 1
Your card has been created
Your card number:
4000003792422517
Your card PIN:
5879
1. Create an account
2. Log into account
0. Exit
> 2
Enter your card number:
> 4000003792422517
Enter your PIN
> 5879
You have successfully logged in!
1. Balance
2. Add income
3. Do transfer
4. Close account
5. Log out
0. Exit
> 4
1. Create an account
2. Log into account
0. Exit
> 0
Bye!
]]></system-out>
  <system-err><![CDATA[java.sql.SQLException: [SQLITE_ERROR] SQL error or missing database (Connection is closed)
	at org.sqlite.core.DB.newSQLException(DB.java:890)
	at org.sqlite.core.CoreStatement.internalClose(CoreStatement.java:109)
	at org.sqlite.jdbc3.JDBC3Statement.close(JDBC3Statement.java:35)
	at banking.Main.printLoggedMenu(Main.java:113)
	at banking.Main.main(Main.java:35)
	at java.base/jdk.internal.reflect.NativeMethodAccessorImpl.invoke0(Native Method)
	at java.base/jdk.internal.reflect.NativeMethodAccessorImpl.invoke(NativeMethodAccessorImpl.java:62)
	at java.base/jdk.internal.reflect.DelegatingMethodAccessorImpl.invoke(DelegatingMethodAccessorImpl.java:43)
	at java.base/java.lang.reflect.Method.invoke(Method.java:567)
	at org.hyperskill.hstest.testing.TestedProgram.invokeMain(TestedProgram.java:152)
	at org.hyperskill.hstest.testing.TestedProgram.lambda$start$0(TestedProgram.java:201)
	at java.base/java.util.concurrent.Executors$RunnableAdapter.call(Executors.java:515)
	at java.base/java.util.concurrent.FutureTask.run(FutureTask.java:264)
	at java.base/java.util.concurrent.ThreadPoolExecutor.runWorker(ThreadPoolExecutor.java:1128)
	at java.base/java.util.concurrent.ThreadPoolExecutor$Worker.run(ThreadPoolExecutor.java:628)
	at java.base/java.lang.Thread.run(Thread.java:835)
java.sql.SQLException: [SQLITE_ERROR] SQL error or missing database (Connection is closed)
	at org.sqlite.core.DB.newSQLException(DB.java:890)
	at org.sqlite.core.CoreStatement.internalClose(CoreStatement.java:109)
	at org.sqlite.jdbc3.JDBC3Statement.close(JDBC3Statement.java:35)
	at banking.Main.printLoggedMenu(Main.java:113)
	at banking.Main.main(Main.java:35)
	at java.base/jdk.internal.reflect.NativeMethodAccessorImpl.invoke0(Native Method)
	at java.base/jdk.internal.reflect.NativeMethodAccessorImpl.invoke(NativeMethodAccessorImpl.java:62)
	at java.base/jdk.internal.reflect.DelegatingMethodAccessorImpl.invoke(DelegatingMethodAccessorImpl.java:43)
	at java.base/java.lang.reflect.Method.invoke(Method.java:567)
	at org.hyperskill.hstest.testing.TestedProgram.invokeMain(TestedProgram.java:152)
	at org.hyperskill.hstest.testing.TestedProgram.lambda$start$0(TestedProgram.java:201)
	at java.base/java.util.concurrent.Executors$RunnableAdapter.call(Executors.java:515)
	at java.base/java.util.concurrent.FutureTask.run(FutureTask.java:264)
	at java.base/java.util.concurrent.ThreadPoolExecutor.runWorker(ThreadPoolExecutor.java:1128)
	at java.base/java.util.concurrent.ThreadPoolExecutor$Worker.run(ThreadPoolExecutor.java:628)
	at java.base/java.lang.Thread.run(Thread.java:835)
java.sql.SQLException: [SQLITE_ERROR] SQL error or missing database (Connection is closed)
	at org.sqlite.core.DB.newSQLException(DB.java:890)
	at org.sqlite.core.CoreStatement.internalClose(CoreStatement.java:109)
	at org.sqlite.jdbc3.JDBC3Statement.close(JDBC3Statement.java:35)
	at banking.Main.printLoggedMenu(Main.java:113)
	at banking.Main.main(Main.java:35)
	at java.base/jdk.internal.reflect.NativeMethodAccessorImpl.invoke0(Native Method)
	at java.base/jdk.internal.reflect.NativeMethodAccessorImpl.invoke(NativeMethodAccessorImpl.java:62)
	at java.base/jdk.internal.reflect.DelegatingMethodAccessorImpl.invoke(DelegatingMethodAccessorImpl.java:43)
	at java.base/java.lang.reflect.Method.invoke(Method.java:567)
	at org.hyperskill.hstest.testing.TestedProgram.invokeMain(TestedProgram.java:152)
	at org.hyperskill.hstest.testing.TestedProgram.lambda$start$0(TestedProgram.java:201)
	at java.base/java.util.concurrent.Executors$RunnableAdapter.call(Executors.java:515)
	at java.base/java.util.concurrent.FutureTask.run(FutureTask.java:264)
	at java.base/java.util.concurrent.ThreadPoolExecutor.runWorker(ThreadPoolExecutor.java:1128)
	at java.base/java.util.concurrent.ThreadPoolExecutor$Worker.run(ThreadPoolExecutor.java:628)
	at java.base/java.lang.Thread.run(Thread.java:835)
]]></system-err>
</testsuite>
